<?xml version="1.0" encoding="UTF-8"?>
<!-- Generated by org.testng.reporters.JUnitReportReporter -->
<testsuite hostname="kuba-Komputer" name="Testy.NewTest" tests="1" failures="0" timestamp="1 Apr 2015 20:22:15 GMT" time="10.379" errors="0">
  <testcase name="testLogin" time="10.379" classname="Testy.NewTest"/>
</testsuite> <!-- Testy.NewTest -->
